
> wallet-scan@0.1.0 build E:\Projects\______ALTERS_____\alters_lab_nextjs_monorepo\apps\wallet-scan
> next build

   ▲ Next.js 16.0.0 (Turbopack)

   Creating an optimized production build ...

> Build error occurred
Error: Turbopack build failed with 13 errors:
./packages/ui/src/index.ts:1:1
Module not found: Can't resolve './components/button'
[0m[31m[1m>[22m[39m[90m 1 |[39m [36mexport[39m [33m*[39m [36mfrom[39m [32m'./components/button'[39m[33m;[39m
 [90m   |[39m [31m[1m^[22m[39m[31m[1m^[22m[39m[31m[1m^[22m[39m[31m[1m^[22m[39m[31m[1m^[22m[39m[31m[1m^[22m[39m[31m[1m^[22m[39m[31m[1m^[22m[39m[31m[1m^[22m[39m[31m[1m^[22m[39m[31m[1m^[22m[39m[31m[1m^[22m[39m[31m[1m^[22m[39m[31m[1m^[22m[39m[31m[1m^[22m[39m[31m[1m^[22m[39m[31m[1m^[22m[39m[31m[1m^[22m[39m[31m[1m^[22m[39m[31m[1m^[22m[39m[31m[1m^[22m[39m[31m[1m^[22m[39m[31m[1m^[22m[39m[31m[1m^[22m[39m[31m[1m^[22m[39m[31m[1m^[22m[39m[31m[1m^[22m[39m[31m[1m^[22m[39m[31m[1m^[22m[39m[31m[1m^[22m[39m[31m[1m^[22m[39m[31m[1m^[22m[39m[31m[1m^[22m[39m[31m[1m^[22m[39m[31m[1m^[22m[39m[31m[1m^[22m[39m
 [90m 2 |[39m [36mexport[39m [33m*[39m [36mfrom[39m [32m'./components/card'[39m[33m;[39m
 [90m 3 |[39m [36mexport[39m [33m*[39m [36mfrom[39m [32m'./lib/utils'[39m[33m;[39m[0m



Import traces:
  #1 [Server Component]:
    ./packages/ui/src/index.ts
    ./apps/wallet-scan/src/app/page.tsx

  #2 [Client Component Browser]:
    ./packages/ui/src/index.ts [Client Component Browser]
    ./packages/forms/src/components/MultiStepWalletForm.tsx [Client Component Browser]
    ./packages/forms/src/components/index.ts [Client Component Browser]
    ./apps/wallet-scan/src/app/forms/page.tsx [Client Component Browser]
    ./apps/wallet-scan/src/app/forms/page.tsx [Server Component]

  #3 [Client Component Browser]:
    ./packages/ui/src/index.ts [Client Component Browser]
    ./packages/forms/src/components/SettingsForm.tsx [Client Component Browser]
    ./packages/forms/src/components/index.ts [Client Component Browser]
    ./apps/wallet-scan/src/app/forms/page.tsx [Client Component Browser]
    ./apps/wallet-scan/src/app/forms/page.tsx [Server Component]

  #4 [Client Component SSR]:
    ./packages/ui/src/index.ts [Client Component SSR]
    ./packages/forms/src/components/MultiStepWalletForm.tsx [Client Component SSR]
    ./packages/forms/src/components/index.ts [Client Component SSR]
    ./apps/wallet-scan/src/app/forms/page.tsx [Client Component SSR]
    ./apps/wallet-scan/src/app/forms/page.tsx [Server Component]

  #5 [Client Component SSR]:
    ./packages/ui/src/index.ts [Client Component SSR]
    ./packages/forms/src/components/SettingsForm.tsx [Client Component SSR]
    ./packages/forms/src/components/index.ts [Client Component SSR]
    ./apps/wallet-scan/src/app/forms/page.tsx [Client Component SSR]
    ./apps/wallet-scan/src/app/forms/page.tsx [Server Component]

https://nextjs.org/docs/messages/module-not-found


./apps/wallet-scan/src/app/page.tsx:1:1
Export Button doesn't exist in target module
[0m[31m[1m>[22m[39m[90m 1 |[39m [36mimport[39m { [33mButton[39m [36mas[39m [33mShadcnButton[39m } [36mfrom[39m [32m"@ui/shared"[39m[33m;[39m
 [90m   |[39m [31m[1m^[22m[39m[31m[1m^[22m[39m[31m[1m^[22m[39m[31m[1m^[22m[39m[31m[1m^[22m[39m[31m[1m^[22m[39m[31m[1m^[22m[39m[31m[1m^[22m[39m[31m[1m^[22m[39m[31m[1m^[22m[39m[31m[1m^[22m[39m[31m[1m^[22m[39m[31m[1m^[22m[39m[31m[1m^[22m[39m[31m[1m^[22m[39m[31m[1m^[22m[39m[31m[1m^[22m[39m[31m[1m^[22m[39m[31m[1m^[22m[39m[31m[1m^[22m[39m[31m[1m^[22m[39m[31m[1m^[22m[39m[31m[1m^[22m[39m[31m[1m^[22m[39m[31m[1m^[22m[39m[31m[1m^[22m[39m[31m[1m^[22m[39m[31m[1m^[22m[39m[31m[1m^[22m[39m[31m[1m^[22m[39m[31m[1m^[22m[39m[31m[1m^[22m[39m[31m[1m^[22m[39m[31m[1m^[22m[39m[31m[1m^[22m[39m[31m[1m^[22m[39m[31m[1m^[22m[39m[31m[1m^[22m[39m[31m[1m^[22m[39m[31m[1m^[22m[39m[31m[1m^[22m[39m[31m[1m^[22m[39m[31m[1m^[22m[39m[31m[1m^[22m[39m[31m[1m^[22m[39m[31m[1m^[22m[39m[31m[1m^[22m[39m[31m[1m^[22m[39m[31m[1m^[22m[39m[31m[1m^[22m[39m[31m[1m^[22m[39m[31m[1m^[22m[39m
 [90m 2 |[39m [36mimport[39m { [33mCard[39m[33m,[39m [33mCardContent[39m[33m,[39m [33mCardDescription[39m[33m,[39m [33mCardFooter[39m[33m,[39m [33mCardHeader[39m[33m,[39m [33mCardTitle[39m } [36mfrom[39m [32m"@ui/shared"[39m[33m;[39m
 [90m 3 |[39m [36mimport[39m { [33mButton[39m [36mas[39m [33mHeroButton[39m[33m,[39m [33mInput[39m[33m,[39m [33mChip[39m } [36mfrom[39m [32m"@heroui/react"[39m[33m;[39m
 [90m 4 |[39m [36mimport[39m { nowISO } [36mfrom[39m [32m"@utils/shared/time"[39m[33m;[39m[0m

The export Button was not found in module [project]/packages/ui/src/index.ts [app-rsc] (ecmascript).
Did you mean to import CardContent?
All exports of the module are statically known (It doesn't have dynamic exports). So it's known statically that the requested export doesn't exist.


./packages/forms/src/components/AuthForm.tsx:5:1
Export Button doesn't exist in target module
[0m [90m 3 |[39m [36mimport[39m { c [36mas[39m _c } [36mfrom[39m [32m"react/compiler-runtime"[39m[33m;[39m
 [90m 4 |[39m [36mimport[39m [33mReact[39m[33m,[39m { useState } [36mfrom[39m [32m'react'[39m[33m;[39m
[31m[1m>[22m[39m[90m 5 |[39m [36mimport[39m { [33mButton[39m } [36mfrom[39m [32m'@ui/shared'[39m[33m;[39m
 [90m   |[39m [31m[1m^[22m[39m[31m[1m^[22m[39m[31m[1m^[22m[39m[31m[1m^[22m[39m[31m[1m^[22m[39m[31m[1m^[22m[39m[31m[1m^[22m[39m[31m[1m^[22m[39m[31m[1m^[22m[39m[31m[1m^[22m[39m[31m[1m^[22m[39m[31m[1m^[22m[39m[31m[1m^[22m[39m[31m[1m^[22m[39m[31m[1m^[22m[39m[31m[1m^[22m[39m[31m[1m^[22m[39m[31m[1m^[22m[39m[31m[1m^[22m[39m[31m[1m^[22m[39m[31m[1m^[22m[39m[31m[1m^[22m[39m[31m[1m^[22m[39m[31m[1m^[22m[39m[31m[1m^[22m[39m[31m[1m^[22m[39m[31m[1m^[22m[39m[31m[1m^[22m[39m[31m[1m^[22m[39m[31m[1m^[22m[39m[31m[1m^[22m[39m[31m[1m^[22m[39m[31m[1m^[22m[39m[31m[1m^[22m[39m[31m[1m^[22m[39m[31m[1m^[22m[39m
 [90m 6 |[39m [36mimport[39m { [33mInput[39m } [36mfrom[39m [32m'@heroui/react'[39m[33m;[39m
 [90m 7 |[39m [36mimport[39m { useZodForm[33m,[39m useFormSubmission } [36mfrom[39m [32m'../hooks'[39m[33m;[39m
 [90m 8 |[39m [36mimport[39m { loginSchema[33m,[39m registerSchema[33m,[39m [33mLoginFormData[39m[33m,[39m [33mRegisterFormData[39m } [36mfrom[39m [32m'../schemas'[39m[33m;[39m[0m

The export Button was not found in module [project]/packages/ui/src/index.ts [app-client] (ecmascript).
Did you mean to import CardContent?
All exports of the module are statically known (It doesn't have dynamic exports). So it's known statically that the requested export doesn't exist.

Import traces:
  Client Component Browser:
    ./packages/forms/src/components/AuthForm.tsx [Client Component Browser]
    ./packages/forms/src/components/index.ts [Client Component Browser]
    ./apps/wallet-scan/src/app/forms/page.tsx [Client Component Browser]
    ./apps/wallet-scan/src/app/forms/page.tsx [Server Component]

  Client Component SSR:
    ./packages/forms/src/components/AuthForm.tsx [Client Component SSR]
    ./packages/forms/src/components/index.ts [Client Component SSR]
    ./apps/wallet-scan/src/app/forms/page.tsx [Client Component SSR]
    ./apps/wallet-scan/src/app/forms/page.tsx [Server Component]


./packages/forms/src/components/AuthForm.tsx:4:1
Export Button doesn't exist in target module
[0m [90m 2 |[39m
 [90m 3 |[39m [36mimport[39m [33mReact[39m[33m,[39m { useState } [36mfrom[39m [32m'react'[39m
[31m[1m>[22m[39m[90m 4 |[39m [36mimport[39m { [33mButton[39m } [36mfrom[39m [32m'@ui/shared'[39m
 [90m   |[39m [31m[1m^[22m[39m[31m[1m^[22m[39m[31m[1m^[22m[39m[31m[1m^[22m[39m[31m[1m^[22m[39m[31m[1m^[22m[39m[31m[1m^[22m[39m[31m[1m^[22m[39m[31m[1m^[22m[39m[31m[1m^[22m[39m[31m[1m^[22m[39m[31m[1m^[22m[39m[31m[1m^[22m[39m[31m[1m^[22m[39m[31m[1m^[22m[39m[31m[1m^[22m[39m[31m[1m^[22m[39m[31m[1m^[22m[39m[31m[1m^[22m[39m[31m[1m^[22m[39m[31m[1m^[22m[39m[31m[1m^[22m[39m[31m[1m^[22m[39m[31m[1m^[22m[39m[31m[1m^[22m[39m[31m[1m^[22m[39m[31m[1m^[22m[39m[31m[1m^[22m[39m[31m[1m^[22m[39m[31m[1m^[22m[39m[31m[1m^[22m[39m[31m[1m^[22m[39m[31m[1m^[22m[39m[31m[1m^[22m[39m[31m[1m^[22m[39m
 [90m 5 |[39m [36mimport[39m { [33mInput[39m } [36mfrom[39m [32m'@heroui/react'[39m
 [90m 6 |[39m [36mimport[39m { useZodForm[33m,[39m useFormSubmission } [36mfrom[39m [32m'../hooks'[39m
 [90m 7 |[39m [36mimport[39m { loginSchema[33m,[39m registerSchema[33m,[39m [33mLoginFormData[39m[33m,[39m [33mRegisterFormData[39m } [36mfrom[39m [32m'../schemas'[39m[0m

The export Button was not found in module [project]/packages/ui/src/index.ts [app-ssr] (ecmascript).
Did you mean to import CardContent?
All exports of the module are statically known (It doesn't have dynamic exports). So it's known statically that the requested export doesn't exist.

Import traces:
  Client Component Browser:
    ./packages/forms/src/components/AuthForm.tsx [Client Component Browser]
    ./packages/forms/src/components/index.ts [Client Component Browser]
    ./apps/wallet-scan/src/app/forms/page.tsx [Client Component Browser]
    ./apps/wallet-scan/src/app/forms/page.tsx [Server Component]

  Client Component SSR:
    ./packages/forms/src/components/AuthForm.tsx [Client Component SSR]
    ./packages/forms/src/components/index.ts [Client Component SSR]
    ./apps/wallet-scan/src/app/forms/page.tsx [Client Component SSR]
    ./apps/wallet-scan/src/app/forms/page.tsx [Server Component]


./packages/forms/src/components/MultiStepWalletForm.tsx:5:1
Export Button doesn't exist in target module
[0m [90m 3 |[39m [36mimport[39m { c [36mas[39m _c } [36mfrom[39m [32m"react/compiler-runtime"[39m[33m;[39m
 [90m 4 |[39m [36mimport[39m [33mReact[39m [36mfrom[39m [32m'react'[39m[33m;[39m
[31m[1m>[22m[39m[90m 5 |[39m [36mimport[39m { [33mButton[39m } [36mfrom[39m [32m'@ui/shared'[39m[33m;[39m
 [90m   |[39m [31m[1m^[22m[39m[31m[1m^[22m[39m[31m[1m^[22m[39m[31m[1m^[22m[39m[31m[1m^[22m[39m[31m[1m^[22m[39m[31m[1m^[22m[39m[31m[1m^[22m[39m[31m[1m^[22m[39m[31m[1m^[22m[39m[31m[1m^[22m[39m[31m[1m^[22m[39m[31m[1m^[22m[39m[31m[1m^[22m[39m[31m[1m^[22m[39m[31m[1m^[22m[39m[31m[1m^[22m[39m[31m[1m^[22m[39m[31m[1m^[22m[39m[31m[1m^[22m[39m[31m[1m^[22m[39m[31m[1m^[22m[39m[31m[1m^[22m[39m[31m[1m^[22m[39m[31m[1m^[22m[39m[31m[1m^[22m[39m[31m[1m^[22m[39m[31m[1m^[22m[39m[31m[1m^[22m[39m[31m[1m^[22m[39m[31m[1m^[22m[39m[31m[1m^[22m[39m[31m[1m^[22m[39m[31m[1m^[22m[39m[31m[1m^[22m[39m[31m[1m^[22m[39m
 [90m 6 |[39m [36mimport[39m { [33mInput[39m[33m,[39m [33mProgress[39m } [36mfrom[39m [32m'@heroui/react'[39m[33m;[39m
 [90m 7 |[39m [36mimport[39m { useMultiStepForm[33m,[39m useZodForm } [36mfrom[39m [32m'../hooks'[39m[33m;[39m
 [90m 8 |[39m [36mimport[39m { walletAddressSchema[33m,[39m analysisSettingsSchema } [36mfrom[39m [32m'../schemas'[39m[33m;[39m[0m

The export Button was not found in module [project]/packages/ui/src/index.ts [app-client] (ecmascript).
Did you mean to import CardContent?
All exports of the module are statically known (It doesn't have dynamic exports). So it's known statically that the requested export doesn't exist.

Import traces:
  Client Component Browser:
    ./packages/forms/src/components/MultiStepWalletForm.tsx [Client Component Browser]
    ./packages/forms/src/components/index.ts [Client Component Browser]
    ./apps/wallet-scan/src/app/forms/page.tsx [Client Component Browser]
    ./apps/wallet-scan/src/app/forms/page.tsx [Server Component]

  Client Component SSR:
    ./packages/forms/src/components/MultiStepWalletForm.tsx [Client Component SSR]
    ./packages/forms/src/components/index.ts [Client Component SSR]
    ./apps/wallet-scan/src/app/forms/page.tsx [Client Component SSR]
    ./apps/wallet-scan/src/app/forms/page.tsx [Server Component]


./packages/forms/src/components/MultiStepWalletForm.tsx:4:1
Export Button doesn't exist in target module
[0m [90m 2 |[39m
 [90m 3 |[39m [36mimport[39m [33mReact[39m [36mfrom[39m [32m'react'[39m
[31m[1m>[22m[39m[90m 4 |[39m [36mimport[39m { [33mButton[39m } [36mfrom[39m [32m'@ui/shared'[39m
 [90m   |[39m [31m[1m^[22m[39m[31m[1m^[22m[39m[31m[1m^[22m[39m[31m[1m^[22m[39m[31m[1m^[22m[39m[31m[1m^[22m[39m[31m[1m^[22m[39m[31m[1m^[22m[39m[31m[1m^[22m[39m[31m[1m^[22m[39m[31m[1m^[22m[39m[31m[1m^[22m[39m[31m[1m^[22m[39m[31m[1m^[22m[39m[31m[1m^[22m[39m[31m[1m^[22m[39m[31m[1m^[22m[39m[31m[1m^[22m[39m[31m[1m^[22m[39m[31m[1m^[22m[39m[31m[1m^[22m[39m[31m[1m^[22m[39m[31m[1m^[22m[39m[31m[1m^[22m[39m[31m[1m^[22m[39m[31m[1m^[22m[39m[31m[1m^[22m[39m[31m[1m^[22m[39m[31m[1m^[22m[39m[31m[1m^[22m[39m[31m[1m^[22m[39m[31m[1m^[22m[39m[31m[1m^[22m[39m[31m[1m^[22m[39m[31m[1m^[22m[39m
 [90m 5 |[39m [36mimport[39m { [33mInput[39m[33m,[39m [33mProgress[39m } [36mfrom[39m [32m'@heroui/react'[39m
 [90m 6 |[39m [36mimport[39m { useMultiStepForm[33m,[39m useZodForm } [36mfrom[39m [32m'../hooks'[39m
 [90m 7 |[39m [36mimport[39m { walletAddressSchema[33m,[39m analysisSettingsSchema } [36mfrom[39m [32m'../schemas'[39m[0m

The export Button was not found in module [project]/packages/ui/src/index.ts [app-ssr] (ecmascript).
Did you mean to import CardContent?
All exports of the module are statically known (It doesn't have dynamic exports). So it's known statically that the requested export doesn't exist.

Import traces:
  Client Component Browser:
    ./packages/forms/src/components/MultiStepWalletForm.tsx [Client Component Browser]
    ./packages/forms/src/components/index.ts [Client Component Browser]
    ./apps/wallet-scan/src/app/forms/page.tsx [Client Component Browser]
    ./apps/wallet-scan/src/app/forms/page.tsx [Server Component]

  Client Component SSR:
    ./packages/forms/src/components/MultiStepWalletForm.tsx [Client Component SSR]
    ./packages/forms/src/components/index.ts [Client Component SSR]
    ./apps/wallet-scan/src/app/forms/page.tsx [Client Component SSR]
    ./apps/wallet-scan/src/app/forms/page.tsx [Server Component]


./packages/forms/src/components/SettingsForm.tsx:5:1
Export Button doesn't exist in target module
[0m [90m 3 |[39m [36mimport[39m { c [36mas[39m _c } [36mfrom[39m [32m"react/compiler-runtime"[39m[33m;[39m
 [90m 4 |[39m [36mimport[39m [33mReact[39m [36mfrom[39m [32m'react'[39m[33m;[39m
[31m[1m>[22m[39m[90m 5 |[39m [36mimport[39m { [33mButton[39m } [36mfrom[39m [32m'@ui/shared'[39m[33m;[39m
 [90m   |[39m [31m[1m^[22m[39m[31m[1m^[22m[39m[31m[1m^[22m[39m[31m[1m^[22m[39m[31m[1m^[22m[39m[31m[1m^[22m[39m[31m[1m^[22m[39m[31m[1m^[22m[39m[31m[1m^[22m[39m[31m[1m^[22m[39m[31m[1m^[22m[39m[31m[1m^[22m[39m[31m[1m^[22m[39m[31m[1m^[22m[39m[31m[1m^[22m[39m[31m[1m^[22m[39m[31m[1m^[22m[39m[31m[1m^[22m[39m[31m[1m^[22m[39m[31m[1m^[22m[39m[31m[1m^[22m[39m[31m[1m^[22m[39m[31m[1m^[22m[39m[31m[1m^[22m[39m[31m[1m^[22m[39m[31m[1m^[22m[39m[31m[1m^[22m[39m[31m[1m^[22m[39m[31m[1m^[22m[39m[31m[1m^[22m[39m[31m[1m^[22m[39m[31m[1m^[22m[39m[31m[1m^[22m[39m[31m[1m^[22m[39m[31m[1m^[22m[39m[31m[1m^[22m[39m
 [90m 6 |[39m [36mimport[39m { [33mInput[39m[33m,[39m [33mSelect[39m[33m,[39m [33mSelectItem[39m } [36mfrom[39m [32m'@heroui/react'[39m[33m;[39m
 [90m 7 |[39m [36mimport[39m { useZodForm[33m,[39m useFormSubmission } [36mfrom[39m [32m'../hooks'[39m[33m;[39m
 [90m 8 |[39m [36mimport[39m { analysisSettingsSchema[33m,[39m [33mAnalysisSettingsFormData[39m } [36mfrom[39m [32m'../schemas'[39m[33m;[39m[0m

The export Button was not found in module [project]/packages/ui/src/index.ts [app-client] (ecmascript).
Did you mean to import CardContent?
All exports of the module are statically known (It doesn't have dynamic exports). So it's known statically that the requested export doesn't exist.

Import traces:
  Client Component Browser:
    ./packages/forms/src/components/SettingsForm.tsx [Client Component Browser]
    ./packages/forms/src/components/index.ts [Client Component Browser]
    ./apps/wallet-scan/src/app/forms/page.tsx [Client Component Browser]
    ./apps/wallet-scan/src/app/forms/page.tsx [Server Component]

  Client Component SSR:
    ./packages/forms/src/components/SettingsForm.tsx [Client Component SSR]
    ./packages/forms/src/components/index.ts [Client Component SSR]
    ./apps/wallet-scan/src/app/forms/page.tsx [Client Component SSR]
    ./apps/wallet-scan/src/app/forms/page.tsx [Server Component]


./packages/forms/src/components/SettingsForm.tsx:4:1
Export Button doesn't exist in target module
[0m [90m 2 |[39m
 [90m 3 |[39m [36mimport[39m [33mReact[39m [36mfrom[39m [32m'react'[39m
[31m[1m>[22m[39m[90m 4 |[39m [36mimport[39m { [33mButton[39m } [36mfrom[39m [32m'@ui/shared'[39m
 [90m   |[39m [31m[1m^[22m[39m[31m[1m^[22m[39m[31m[1m^[22m[39m[31m[1m^[22m[39m[31m[1m^[22m[39m[31m[1m^[22m[39m[31m[1m^[22m[39m[31m[1m^[22m[39m[31m[1m^[22m[39m[31m[1m^[22m[39m[31m[1m^[22m[39m[31m[1m^[22m[39m[31m[1m^[22m[39m[31m[1m^[22m[39m[31m[1m^[22m[39m[31m[1m^[22m[39m[31m[1m^[22m[39m[31m[1m^[22m[39m[31m[1m^[22m[39m[31m[1m^[22m[39m[31m[1m^[22m[39m[31m[1m^[22m[39m[31m[1m^[22m[39m[31m[1m^[22m[39m[31m[1m^[22m[39m[31m[1m^[22m[39m[31m[1m^[22m[39m[31m[1m^[22m[39m[31m[1m^[22m[39m[31m[1m^[22m[39m[31m[1m^[22m[39m[31m[1m^[22m[39m[31m[1m^[22m[39m[31m[1m^[22m[39m[31m[1m^[22m[39m
 [90m 5 |[39m [36mimport[39m { [33mInput[39m[33m,[39m [33mSelect[39m[33m,[39m [33mSelectItem[39m } [36mfrom[39m [32m'@heroui/react'[39m
 [90m 6 |[39m [36mimport[39m { useZodForm[33m,[39m useFormSubmission } [36mfrom[39m [32m'../hooks'[39m
 [90m 7 |[39m [36mimport[39m { analysisSettingsSchema[33m,[39m [33mAnalysisSettingsFormData[39m } [36mfrom[39m [32m'../schemas'[39m[0m

The export Button was not found in module [project]/packages/ui/src/index.ts [app-ssr] (ecmascript).
Did you mean to import CardContent?
All exports of the module are statically known (It doesn't have dynamic exports). So it's known statically that the requested export doesn't exist.

Import traces:
  Client Component Browser:
    ./packages/forms/src/components/SettingsForm.tsx [Client Component Browser]
    ./packages/forms/src/components/index.ts [Client Component Browser]
    ./apps/wallet-scan/src/app/forms/page.tsx [Client Component Browser]
    ./apps/wallet-scan/src/app/forms/page.tsx [Server Component]

  Client Component SSR:
    ./packages/forms/src/components/SettingsForm.tsx [Client Component SSR]
    ./packages/forms/src/components/index.ts [Client Component SSR]
    ./apps/wallet-scan/src/app/forms/page.tsx [Client Component SSR]
    ./apps/wallet-scan/src/app/forms/page.tsx [Server Component]


./packages/forms/src/components/UserProfileForm.tsx:5:1
Export Button doesn't exist in target module
[0m [90m 3 |[39m [36mimport[39m { c [36mas[39m _c } [36mfrom[39m [32m"react/compiler-runtime"[39m[33m;[39m
 [90m 4 |[39m [36mimport[39m [33mReact[39m [36mfrom[39m [32m'react'[39m[33m;[39m
[31m[1m>[22m[39m[90m 5 |[39m [36mimport[39m { [33mButton[39m } [36mfrom[39m [32m'@ui/shared'[39m[33m;[39m
 [90m   |[39m [31m[1m^[22m[39m[31m[1m^[22m[39m[31m[1m^[22m[39m[31m[1m^[22m[39m[31m[1m^[22m[39m[31m[1m^[22m[39m[31m[1m^[22m[39m[31m[1m^[22m[39m[31m[1m^[22m[39m[31m[1m^[22m[39m[31m[1m^[22m[39m[31m[1m^[22m[39m[31m[1m^[22m[39m[31m[1m^[22m[39m[31m[1m^[22m[39m[31m[1m^[22m[39m[31m[1m^[22m[39m[31m[1m^[22m[39m[31m[1m^[22m[39m[31m[1m^[22m[39m[31m[1m^[22m[39m[31m[1m^[22m[39m[31m[1m^[22m[39m[31m[1m^[22m[39m[31m[1m^[22m[39m[31m[1m^[22m[39m[31m[1m^[22m[39m[31m[1m^[22m[39m[31m[1m^[22m[39m[31m[1m^[22m[39m[31m[1m^[22m[39m[31m[1m^[22m[39m[31m[1m^[22m[39m[31m[1m^[22m[39m[31m[1m^[22m[39m[31m[1m^[22m[39m
 [90m 6 |[39m [36mimport[39m { [33mInput[39m[33m,[39m [33mTextarea[39m[33m,[39m [33mSwitch[39m } [36mfrom[39m [32m'@heroui/react'[39m[33m;[39m
 [90m 7 |[39m [36mimport[39m { useZodForm[33m,[39m useFormSubmission } [36mfrom[39m [32m'../hooks'[39m[33m;[39m
 [90m 8 |[39m [36mimport[39m { profileSchema[33m,[39m [33mProfileFormData[39m } [36mfrom[39m [32m'../schemas'[39m[33m;[39m[0m

The export Button was not found in module [project]/packages/ui/src/index.ts [app-client] (ecmascript).
Did you mean to import CardContent?
All exports of the module are statically known (It doesn't have dynamic exports). So it's known statically that the requested export doesn't exist.

Import traces:
  Client Component Browser:
    ./packages/forms/src/components/UserProfileForm.tsx [Client Component Browser]
    ./packages/forms/src/components/index.ts [Client Component Browser]
    ./apps/wallet-scan/src/app/forms/page.tsx [Client Component Browser]
    ./apps/wallet-scan/src/app/forms/page.tsx [Server Component]

  Client Component SSR:
    ./packages/forms/src/components/UserProfileForm.tsx [Client Component SSR]
    ./packages/forms/src/components/index.ts [Client Component SSR]
    ./apps/wallet-scan/src/app/forms/page.tsx [Client Component SSR]
    ./apps/wallet-scan/src/app/forms/page.tsx [Server Component]


./packages/forms/src/components/UserProfileForm.tsx:4:1
Export Button doesn't exist in target module
[0m [90m 2 |[39m
 [90m 3 |[39m [36mimport[39m [33mReact[39m [36mfrom[39m [32m'react'[39m
[31m[1m>[22m[39m[90m 4 |[39m [36mimport[39m { [33mButton[39m } [36mfrom[39m [32m'@ui/shared'[39m
 [90m   |[39m [31m[1m^[22m[39m[31m[1m^[22m[39m[31m[1m^[22m[39m[31m[1m^[22m[39m[31m[1m^[22m[39m[31m[1m^[22m[39m[31m[1m^[22m[39m[31m[1m^[22m[39m[31m[1m^[22m[39m[31m[1m^[22m[39m[31m[1m^[22m[39m[31m[1m^[22m[39m[31m[1m^[22m[39m[31m[1m^[22m[39m[31m[1m^[22m[39m[31m[1m^[22m[39m[31m[1m^[22m[39m[31m[1m^[22m[39m[31m[1m^[22m[39m[31m[1m^[22m[39m[31m[1m^[22m[39m[31m[1m^[22m[39m[31m[1m^[22m[39m[31m[1m^[22m[39m[31m[1m^[22m[39m[31m[1m^[22m[39m[31m[1m^[22m[39m[31m[1m^[22m[39m[31m[1m^[22m[39m[31m[1m^[22m[39m[31m[1m^[22m[39m[31m[1m^[22m[39m[31m[1m^[22m[39m[31m[1m^[22m[39m[31m[1m^[22m[39m
 [90m 5 |[39m [36mimport[39m { [33mInput[39m[33m,[39m [33mTextarea[39m[33m,[39m [33mSwitch[39m } [36mfrom[39m [32m'@heroui/react'[39m
 [90m 6 |[39m [36mimport[39m { useZodForm[33m,[39m useFormSubmission } [36mfrom[39m [32m'../hooks'[39m
 [90m 7 |[39m [36mimport[39m { profileSchema[33m,[39m [33mProfileFormData[39m } [36mfrom[39m [32m'../schemas'[39m[0m

The export Button was not found in module [project]/packages/ui/src/index.ts [app-ssr] (ecmascript).
Did you mean to import CardContent?
All exports of the module are statically known (It doesn't have dynamic exports). So it's known statically that the requested export doesn't exist.

Import traces:
  Client Component Browser:
    ./packages/forms/src/components/UserProfileForm.tsx [Client Component Browser]
    ./packages/forms/src/components/index.ts [Client Component Browser]
    ./apps/wallet-scan/src/app/forms/page.tsx [Client Component Browser]
    ./apps/wallet-scan/src/app/forms/page.tsx [Server Component]

  Client Component SSR:
    ./packages/forms/src/components/UserProfileForm.tsx [Client Component SSR]
    ./packages/forms/src/components/index.ts [Client Component SSR]
    ./apps/wallet-scan/src/app/forms/page.tsx [Client Component SSR]
    ./apps/wallet-scan/src/app/forms/page.tsx [Server Component]


./packages/forms/src/components/WalletScanForm.tsx:5:1
Export Button doesn't exist in target module
[0m [90m 3 |[39m [36mimport[39m { c [36mas[39m _c } [36mfrom[39m [32m"react/compiler-runtime"[39m[33m;[39m
 [90m 4 |[39m [36mimport[39m [33mReact[39m [36mfrom[39m [32m'react'[39m[33m;[39m
[31m[1m>[22m[39m[90m 5 |[39m [36mimport[39m { [33mButton[39m } [36mfrom[39m [32m'@ui/shared'[39m[33m;[39m
 [90m   |[39m [31m[1m^[22m[39m[31m[1m^[22m[39m[31m[1m^[22m[39m[31m[1m^[22m[39m[31m[1m^[22m[39m[31m[1m^[22m[39m[31m[1m^[22m[39m[31m[1m^[22m[39m[31m[1m^[22m[39m[31m[1m^[22m[39m[31m[1m^[22m[39m[31m[1m^[22m[39m[31m[1m^[22m[39m[31m[1m^[22m[39m[31m[1m^[22m[39m[31m[1m^[22m[39m[31m[1m^[22m[39m[31m[1m^[22m[39m[31m[1m^[22m[39m[31m[1m^[22m[39m[31m[1m^[22m[39m[31m[1m^[22m[39m[31m[1m^[22m[39m[31m[1m^[22m[39m[31m[1m^[22m[39m[31m[1m^[22m[39m[31m[1m^[22m[39m[31m[1m^[22m[39m[31m[1m^[22m[39m[31m[1m^[22m[39m[31m[1m^[22m[39m[31m[1m^[22m[39m[31m[1m^[22m[39m[31m[1m^[22m[39m[31m[1m^[22m[39m[31m[1m^[22m[39m
 [90m 6 |[39m [36mimport[39m { [33mInput[39m } [36mfrom[39m [32m'@heroui/react'[39m[33m;[39m
 [90m 7 |[39m [36mimport[39m { useZodForm[33m,[39m useFormSubmission } [36mfrom[39m [32m'../hooks'[39m[33m;[39m
 [90m 8 |[39m [36mimport[39m { walletAddressSchema[33m,[39m [33mWalletAddressFormData[39m } [36mfrom[39m [32m'../schemas'[39m[33m;[39m[0m

The export Button was not found in module [project]/packages/ui/src/index.ts [app-client] (ecmascript).
Did you mean to import CardContent?
All exports of the module are statically known (It doesn't have dynamic exports). So it's known statically that the requested export doesn't exist.

Import traces:
  Client Component Browser:
    ./packages/forms/src/components/WalletScanForm.tsx [Client Component Browser]
    ./packages/forms/src/components/index.ts [Client Component Browser]
    ./apps/wallet-scan/src/app/forms/page.tsx [Client Component Browser]
    ./apps/wallet-scan/src/app/forms/page.tsx [Server Component]

  Client Component SSR:
    ./packages/forms/src/components/WalletScanForm.tsx [Client Component SSR]
    ./packages/forms/src/components/index.ts [Client Component SSR]
    ./apps/wallet-scan/src/app/forms/page.tsx [Client Component SSR]
    ./apps/wallet-scan/src/app/forms/page.tsx [Server Component]


./packages/forms/src/components/WalletScanForm.tsx:4:1
Export Button doesn't exist in target module
[0m [90m 2 |[39m
 [90m 3 |[39m [36mimport[39m [33mReact[39m [36mfrom[39m [32m'react'[39m
[31m[1m>[22m[39m[90m 4 |[39m [36mimport[39m { [33mButton[39m } [36mfrom[39m [32m'@ui/shared'[39m
 [90m   |[39m [31m[1m^[22m[39m[31m[1m^[22m[39m[31m[1m^[22m[39m[31m[1m^[22m[39m[31m[1m^[22m[39m[31m[1m^[22m[39m[31m[1m^[22m[39m[31m[1m^[22m[39m[31m[1m^[22m[39m[31m[1m^[22m[39m[31m[1m^[22m[39m[31m[1m^[22m[39m[31m[1m^[22m[39m[31m[1m^[22m[39m[31m[1m^[22m[39m[31m[1m^[22m[39m[31m[1m^[22m[39m[31m[1m^[22m[39m[31m[1m^[22m[39m[31m[1m^[22m[39m[31m[1m^[22m[39m[31m[1m^[22m[39m[31m[1m^[22m[39m[31m[1m^[22m[39m[31m[1m^[22m[39m[31m[1m^[22m[39m[31m[1m^[22m[39m[31m[1m^[22m[39m[31m[1m^[22m[39m[31m[1m^[22m[39m[31m[1m^[22m[39m[31m[1m^[22m[39m[31m[1m^[22m[39m[31m[1m^[22m[39m[31m[1m^[22m[39m
 [90m 5 |[39m [36mimport[39m { [33mInput[39m } [36mfrom[39m [32m'@heroui/react'[39m
 [90m 6 |[39m [36mimport[39m { useZodForm[33m,[39m useFormSubmission } [36mfrom[39m [32m'../hooks'[39m
 [90m 7 |[39m [36mimport[39m { walletAddressSchema[33m,[39m [33mWalletAddressFormData[39m } [36mfrom[39m [32m'../schemas'[39m[0m

The export Button was not found in module [project]/packages/ui/src/index.ts [app-ssr] (ecmascript).
Did you mean to import CardContent?
All exports of the module are statically known (It doesn't have dynamic exports). So it's known statically that the requested export doesn't exist.

Import traces:
  Client Component Browser:
    ./packages/forms/src/components/WalletScanForm.tsx [Client Component Browser]
    ./packages/forms/src/components/index.ts [Client Component Browser]
    ./apps/wallet-scan/src/app/forms/page.tsx [Client Component Browser]
    ./apps/wallet-scan/src/app/forms/page.tsx [Server Component]

  Client Component SSR:
    ./packages/forms/src/components/WalletScanForm.tsx [Client Component SSR]
    ./packages/forms/src/components/index.ts [Client Component SSR]
    ./apps/wallet-scan/src/app/forms/page.tsx [Client Component SSR]
    ./apps/wallet-scan/src/app/forms/page.tsx [Server Component]


./apps/wallet-scan/tailwind.config.ts:1:1
Export nextui doesn't exist in target module
[0m[31m[1m>[22m[39m[90m 1 |[39m [36mimport[39m { nextui } [36mfrom[39m [32m'@heroui/react'[39m
 [90m   |[39m [31m[1m^[22m[39m[31m[1m^[22m[39m[31m[1m^[22m[39m[31m[1m^[22m[39m[31m[1m^[22m[39m[31m[1m^[22m[39m[31m[1m^[22m[39m[31m[1m^[22m[39m[31m[1m^[22m[39m[31m[1m^[22m[39m[31m[1m^[22m[39m[31m[1m^[22m[39m[31m[1m^[22m[39m[31m[1m^[22m[39m[31m[1m^[22m[39m[31m[1m^[22m[39m[31m[1m^[22m[39m[31m[1m^[22m[39m[31m[1m^[22m[39m[31m[1m^[22m[39m[31m[1m^[22m[39m[31m[1m^[22m[39m[31m[1m^[22m[39m[31m[1m^[22m[39m[31m[1m^[22m[39m[31m[1m^[22m[39m[31m[1m^[22m[39m[31m[1m^[22m[39m[31m[1m^[22m[39m[31m[1m^[22m[39m[31m[1m^[22m[39m[31m[1m^[22m[39m[31m[1m^[22m[39m[31m[1m^[22m[39m[31m[1m^[22m[39m[31m[1m^[22m[39m[31m[1m^[22m[39m[31m[1m^[22m[39m
 [90m 2 |[39m [36mimport[39m type { [33mConfig[39m } [36mfrom[39m [32m'tailwindcss'[39m
 [90m 3 |[39m
 [90m 4 |[39m [36mconst[39m config[33m:[39m [33mConfig[39m [33m=[39m {[0m

The export nextui was not found in module [project]/node_modules/.pnpm/@heroui+react@2.8.5_@types+_fae23aac781ea1922f1d9526d47d4403/node_modules/@heroui/react/dist/index.mjs [postcss] (ecmascript).
Did you mean to import heroui?
All exports of the module are statically known (It doesn't have dynamic exports). So it's known statically that the requested export doesn't exist.


    at <unknown> (./packages/ui/src/index.ts:1:1)
    at <unknown> (https://nextjs.org/docs/messages/module-not-found)
    at <unknown> (./apps/wallet-scan/src/app/page.tsx:1:1)
    at <unknown> (./packages/forms/src/components/AuthForm.tsx:5:1)
    at <unknown> (./packages/forms/src/components/AuthForm.tsx:4:1)
    at <unknown> (./packages/forms/src/components/MultiStepWalletForm.tsx:5:1)
    at <unknown> (./packages/forms/src/components/MultiStepWalletForm.tsx:4:1)
    at <unknown> (./packages/forms/src/components/SettingsForm.tsx:5:1)
    at <unknown> (./packages/forms/src/components/SettingsForm.tsx:4:1)
    at <unknown> (./packages/forms/src/components/UserProfileForm.tsx:5:1)
    at <unknown> (./packages/forms/src/components/UserProfileForm.tsx:4:1)
    at <unknown> (./packages/forms/src/components/WalletScanForm.tsx:5:1)
    at <unknown> (./packages/forms/src/components/WalletScanForm.tsx:4:1)
    at <unknown> (./apps/wallet-scan/tailwind.config.ts:1:1)
 ELIFECYCLE  Command failed with exit code 1.
